Release 13.4 - xst O.87xd (lin64)
Copyright (c) 1995-2011 Xilinx, Inc.  All rights reserved.
--> 
Parameter TMPDIR set to xst/projnav.tmp


Total REAL time to Xst completion: 0.00 secs
Total CPU time to Xst completion: 0.05 secs
 
--> 
Parameter xsthdpdir set to xst


Total REAL time to Xst completion: 0.00 secs
Total CPU time to Xst completion: 0.05 secs
 
--> 
Reading design: pulse_width_modulator.prj

TABLE OF CONTENTS
  1) Synthesis Options Summary
  2) HDL Parsing
  3) HDL Elaboration
  4) HDL Synthesis
       4.1) HDL Synthesis Report
  5) Advanced HDL Synthesis
       5.1) Advanced HDL Synthesis Report
  6) Low Level Synthesis
  7) Partition Report
  8) Design Summary
       8.1) Primitive and Black Box Usage
       8.2) Device utilization summary
       8.3) Partition Resource Summary
       8.4) Timing Report
            8.4.1) Clock Information
            8.4.2) Asynchronous Control Signals Information
            8.4.3) Timing Summary
            8.4.4) Timing Details
            8.4.5) Cross Clock Domains Report


=========================================================================
*                      Synthesis Options Summary                        *
=========================================================================
---- Source Parameters
Input File Name                    : "pulse_width_modulator.prj"
Ignore Synthesis Constraint File   : NO

---- Target Parameters
Output File Name                   : "pulse_width_modulator"
Output Format                      : NGC
Target Device                      : xc6slx45-3-csg324

---- Source Options
Top Module Name                    : pulse_width_modulator
Automatic FSM Extraction           : YES
FSM Encoding Algorithm             : Auto
Safe Implementation                : No
FSM Style                          : LUT
RAM Extraction                     : Yes
RAM Style                          : Auto
ROM Extraction                     : Yes
Shift Register Extraction          : YES
ROM Style                          : Auto
Resource Sharing                   : YES
Asynchronous To Synchronous        : NO
Shift Register Minimum Size        : 2
Use DSP Block                      : Auto
Automatic Register Balancing       : No

---- Target Options
LUT Combining                      : Auto
Reduce Control Sets                : Auto
Add IO Buffers                     : YES
Global Maximum Fanout              : 100000
Add Generic Clock Buffer(BUFG)     : 16
Register Duplication               : YES
Optimize Instantiated Primitives   : NO
Use Clock Enable                   : Auto
Use Synchronous Set                : Auto
Use Synchronous Reset              : Auto
Pack IO Registers into IOBs        : Auto
Equivalent register Removal        : YES

---- General Options
Optimization Goal                  : Speed
Optimization Effort                : 1
Power Reduction                    : NO
Keep Hierarchy                     : No
Netlist Hierarchy                  : As_Optimized
RTL Output                         : Yes
Global Optimization                : AllClockNets
Read Cores                         : YES
Write Timing Constraints           : NO
Cross Clock Analysis               : NO
Hierarchy Separator                : /
Bus Delimiter                      : <>
Case Specifier                     : Maintain
Slice Utilization Ratio            : 100
BRAM Utilization Ratio             : 100
DSP48 Utilization Ratio            : 100
Auto BRAM Packing                  : NO
Slice Utilization Ratio Delta      : 5

=========================================================================

INFO:Xst - Part-select index evaluated to out of bound value may lead to incorrect synthesis results; it is recommended not to use them in RTL

=========================================================================
*                          HDL Parsing                                  *
=========================================================================
Analyzing Verilog file "/home/bhood/.Xilinx/workspace/Prelab3/pulse_width_modulator.v" into library work
Parsing module <pulse_width_modulator>.

=========================================================================
*                            HDL Elaboration                            *
=========================================================================

Elaborating module <pulse_width_modulator>.

=========================================================================
*                           HDL Synthesis                               *
=========================================================================

Synthesizing Unit <pulse_width_modulator>.
    Related source file is "/home/bhood/.Xilinx/workspace/Prelab3/pulse_width_modulator.v".
    Found 8-bit register for signal <counter>.
    Found 8-bit register for signal <freq_counter>.
    Found 1-bit register for signal <SIGNAL>.
    Found 8-bit adder for signal <counter[7]_GND_1_o_add_4_OUT> created at line 47.
    Found 8-bit adder for signal <freq_counter[7]_GND_1_o_add_5_OUT> created at line 49.
    Found 8-bit comparator equal for signal <counter[7]_DUTY_CYCLE[7]_equal_3_o> created at line 42
    Found 8-bit comparator equal for signal <freq_counter[7]_FREQ[7]_equal_4_o> created at line 45
    Summary:
	inferred   2 Adder/Subtractor(s).
	inferred  17 D-type flip-flop(s).
	inferred   2 Comparator(s).
Unit <pulse_width_modulator> synthesized.

=========================================================================
HDL Synthesis Report

Macro Statistics
# Adders/Subtractors                                   : 2
 8-bit adder                                           : 2
# Registers                                            : 3
 1-bit register                                        : 1
 8-bit register                                        : 2
# Comparators                                          : 2
 8-bit comparator equal                                : 2

=========================================================================

=========================================================================
*                       Advanced HDL Synthesis                          *
=========================================================================


Synthesizing (advanced) Unit <pulse_width_modulator>.
The following registers are absorbed into counter <freq_counter>: 1 register on signal <freq_counter>.
The following registers are absorbed into counter <counter>: 1 register on signal <counter>.
Unit <pulse_width_modulator> synthesized (advanced).

=========================================================================
Advanced HDL Synthesis Report

Macro Statistics
# Counters                                             : 2
 8-bit up counter                                      : 2
# Registers                                            : 1
 Flip-Flops                                            : 1
# Comparators                                          : 2
 8-bit comparator equal                                : 2

=========================================================================

=========================================================================
*                         Low Level Synthesis                           *
=========================================================================

Optimizing unit <pulse_width_modulator> ...

Mapping all equations...
Building and optimizing final netlist ...
Found area constraint ratio of 100 (+ 5) on block pulse_width_modulator, actual ratio is 0.

Final Macro Processing ...

=========================================================================
Final Register Report

Macro Statistics
# Registers                                            : 17
 Flip-Flops                                            : 17

=========================================================================

=========================================================================
*                           Partition Report                            *
=========================================================================

Partition Implementation Status
-------------------------------

  No Partitions were found in this design.

-------------------------------

=========================================================================
*                            Design Summary                             *
=========================================================================

Top Level Output File Name         : pulse_width_modulator.ngc

Primitive and Black Box Usage:
------------------------------
# BELS                             : 77
#      GND                         : 1
#      INV                         : 3
#      LUT1                        : 14
#      LUT2                        : 10
#      LUT3                        : 8
#      LUT4                        : 1
#      LUT5                        : 1
#      LUT6                        : 8
#      MUXCY                       : 14
#      VCC                         : 1
#      XORCY                       : 16
# FlipFlops/Latches                : 17
#      FD                          : 8
#      FDR                         : 1
#      FDRE                        : 8
# Clock Buffers                    : 1
#      BUFGP                       : 1
# IO Buffers                       : 18
#      IBUF                        : 17
#      OBUF                        : 1

Device utilization summary:
---------------------------

Selected Device : 6slx45csg324-3 


Slice Logic Utilization: 
 Number of Slice Registers:              17  out of  54576     0%  
 Number of Slice LUTs:                   45  out of  27288     0%  
    Number used as Logic:                45  out of  27288     0%  

Slice Logic Distribution: 
 Number of LUT Flip Flop pairs used:     45
   Number with an unused Flip Flop:      28  out of     45    62%  
   Number with an unused LUT:             0  out of     45     0%  
   Number of fully used LUT-FF pairs:    17  out of     45    37%  
   Number of unique control sets:         3

IO Utilization: 
 Number of IOs:                          19
 Number of bonded IOBs:                  19  out of    218     8%  

Specific Feature Utilization:
 Number of BUFG/BUFGCTRLs:                1  out of     16     6%  

---------------------------
Partition Resource Summary:
---------------------------

  No Partitions were found in this design.

---------------------------


=========================================================================
Timing Report

NOTE: THESE TIMING NUMBERS ARE ONLY A SYNTHESIS ESTIMATE.
      FOR ACCURATE TIMING INFORMATION PLEASE REFER TO THE TRACE REPORT
      GENERATED AFTER PLACE-and-ROUTE.

Clock Information:
------------------
-----------------------------------+------------------------+-------+
Clock Signal                       | Clock buffer(FF name)  | Load  |
-----------------------------------+------------------------+-------+
CLK                                | BUFGP                  | 17    |
-----------------------------------+------------------------+-------+

Asynchronous Control Signals Information:
----------------------------------------
No asynchronous control signals found in this design

Timing Summary:
---------------
Speed Grade: -3

   Minimum period: 3.640ns (Maximum Frequency: 274.737MHz)
   Minimum input arrival time before clock: 4.511ns
   Maximum output required time after clock: 3.634ns
   Maximum combinational path delay: No path found

Timing Details:
---------------
All values displayed in nanoseconds (ns)

=========================================================================
Timing constraint: Default period analysis for Clock 'CLK'
  Clock period: 3.640ns (frequency: 274.737MHz)
  Total number of paths / destination ports: 225 / 25
-------------------------------------------------------------------------
Delay:               3.640ns (Levels of Logic = 3)
  Source:            freq_counter_5 (FF)
  Destination:       freq_counter_3 (FF)
  Source Clock:      CLK rising
  Destination Clock: CLK rising

  Data Path: freq_counter_5 to freq_counter_3
                                Gate     Net
    Cell:in->out      fanout   Delay   Delay  Logical Name (Net Name)
    ----------------------------------------  ------------
     FD:C->Q               2   0.447   0.845  freq_counter_5 (freq_counter_5)
     LUT6:I3->O           10   0.205   0.857  freq_counter[7]_FREQ[7]_equal_4_o81 (freq_counter[7]_FREQ[7]_equal_4_o8)
     LUT6:I5->O            7   0.205   0.774  Mcount_freq_counter_val1 (Mcount_freq_counter_val)
     LUT2:I1->O            1   0.205   0.000  freq_counter_3_rstpot (freq_counter_3_rstpot)
     FD:D                      0.102          freq_counter_3
    ----------------------------------------
    Total                      3.640ns (1.164ns logic, 2.476ns route)
                                       (32.0% logic, 68.0% route)

=========================================================================
Timing constraint: Default OFFSET IN BEFORE for Clock 'CLK'
  Total number of paths / destination ports: 153 / 34
-------------------------------------------------------------------------
Offset:              4.511ns (Levels of Logic = 4)
  Source:            FREQ<5> (PAD)
  Destination:       freq_counter_3 (FF)
  Destination Clock: CLK rising

  Data Path: FREQ<5> to freq_counter_3
                                Gate     Net
    Cell:in->out      fanout   Delay   Delay  Logical Name (Net Name)
    ----------------------------------------  ------------
     IBUF:I->O             1   1.222   0.944  FREQ_5_IBUF (FREQ_5_IBUF)
     LUT6:I0->O           10   0.203   0.857  freq_counter[7]_FREQ[7]_equal_4_o81 (freq_counter[7]_FREQ[7]_equal_4_o8)
     LUT6:I5->O            7   0.205   0.774  Mcount_freq_counter_val1 (Mcount_freq_counter_val)
     LUT2:I1->O            1   0.205   0.000  freq_counter_3_rstpot (freq_counter_3_rstpot)
     FD:D                      0.102          freq_counter_3
    ----------------------------------------
    Total                      4.511ns (1.937ns logic, 2.574ns route)
                                       (42.9% logic, 57.1% route)

=========================================================================
Timing constraint: Default OFFSET OUT AFTER for Clock 'CLK'
  Total number of paths / destination ports: 1 / 1
-------------------------------------------------------------------------
Offset:              3.634ns (Levels of Logic = 1)
  Source:            SIGNAL (FF)
  Destination:       SIGNAL (PAD)
  Source Clock:      CLK rising

  Data Path: SIGNAL to SIGNAL
                                Gate     Net
    Cell:in->out      fanout   Delay   Delay  Logical Name (Net Name)
    ----------------------------------------  ------------
     FDR:C->Q              2   0.447   0.616  SIGNAL (SIGNAL_OBUF)
     OBUF:I->O                 2.571          SIGNAL_OBUF (SIGNAL)
    ----------------------------------------
    Total                      3.634ns (3.018ns logic, 0.616ns route)
                                       (83.0% logic, 17.0% route)

=========================================================================

Cross Clock Domains Report:
--------------------------

Clock to Setup on destination clock CLK
---------------+---------+---------+---------+---------+
               | Src:Rise| Src:Fall| Src:Rise| Src:Fall|
Source Clock   |Dest:Rise|Dest:Rise|Dest:Fall|Dest:Fall|
---------------+---------+---------+---------+---------+
CLK            |    3.640|         |         |         |
---------------+---------+---------+---------+---------+

=========================================================================


Total REAL time to Xst completion: 7.00 secs
Total CPU time to Xst completion: 6.15 secs
 
--> 


Total memory usage is 389452 kilobytes

Number of errors   :    0 (   0 filtered)
Number of warnings :    0 (   0 filtered)
Number of infos    :    1 (   0 filtered)

